
> vibe-generated-app@1.0.0 dev
> vite


  VITE v5.4.20  ready in 275 ms

  ➜  Local:   http://localhost:3000/
  ➜  Network: http://172.20.16.26:3000/
6:48:52 PM [vite] Pre-transform error: Transform failed with 1 error:
/home/workspace/src/components/ProjectsAndCode.jsx:8:10: ERROR: Expected ";" but found "$"
6:48:53 PM [vite] Internal server error: Transform failed with 1 error:
/home/workspace/src/components/ProjectsAndCode.jsx:8:10: ERROR: Expected ";" but found "$"
  Plugin: vite:esbuild
  File: /home/workspace/src/components/ProjectsAndCode.jsx:8:10
  
  Expected ";" but found "$"
  6  |    const hour = new Date().getHours();
  7  |    const greeting = hour < 12 ? 'Good morning' : hour < 18 ? 'Good afternoon' : 'Good evening';
  8  |    return `${'${greeting}'} ${'${name}'}, let\'s build something incredible!`;
     |            ^
  9  |  }
  10 |  
  
      at failureErrorWithLog (/home/workspace/node_modules/esbuild/lib/main.js:1472:15)
      at /home/workspace/node_modules/esbuild/lib/main.js:755:50
      at responseCallbacks.<computed> (/home/workspace/node_modules/esbuild/lib/main.js:622:9)
      at handleIncomingPacket (/home/workspace/node_modules/esbuild/lib/main.js:677:12)
      at Socket.readFromStdout (/home/workspace/node_modules/esbuild/lib/main.js:600:7)
      at Socket.emit (node:events:508:28)
      at addChunk (node:internal/streams/readable:559:12)
      at readableAddChunkPushByteMode (node:internal/streams/readable:510:3)
      at Readable.push (node:internal/streams/readable:390:5)
      at Pipe.onStreamRead (node:internal/stream_base_commons:189:23)
6:48:56 PM [vite] Internal server error: Transform failed with 1 error:
/home/workspace/src/components/ProjectsAndCode.jsx:8:10: ERROR: Expected ";" but found "$"
  Plugin: vite:esbuild
  File: /home/workspace/src/components/ProjectsAndCode.jsx:8:10
  
  Expected ";" but found "$"
  6  |    const hour = new Date().getHours();
  7  |    const greeting = hour < 12 ? 'Good morning' : hour < 18 ? 'Good afternoon' : 'Good evening';
  8  |    return `${'${greeting}'} ${'${name}'}, let\'s build something incredible!`;
     |            ^
  9  |  }
  10 |  
  
      at failureErrorWithLog (/home/workspace/node_modules/esbuild/lib/main.js:1472:15)
      at /home/workspace/node_modules/esbuild/lib/main.js:755:50
      at responseCallbacks.<computed> (/home/workspace/node_modules/esbuild/lib/main.js:622:9)
      at handleIncomingPacket (/home/workspace/node_modules/esbuild/lib/main.js:677:12)
      at Socket.readFromStdout (/home/workspace/node_modules/esbuild/lib/main.js:600:7)
      at Socket.emit (node:events:508:28)
      at addChunk (node:internal/streams/readable:559:12)
      at readableAddChunkPushByteMode (node:internal/streams/readable:510:3)
      at Readable.push (node:internal/streams/readable:390:5)
      at Pipe.onStreamRead (node:internal/stream_base_commons:189:23)
